[0m17:40:16.714853 [debug] [MainThread]: Sending event: {'category': 'dbt', 'action': 'invocation', 'label': 'start', 'context': [<snowplow_tracker.self_describing_json.SelfDescribingJson object at 0x00000190F72CEA80>, <snowplow_tracker.self_describing_json.SelfDescribingJson object at 0x00000190F9950E60>, <snowplow_tracker.self_describing_json.SelfDescribingJson object at 0x00000190F9953020>]}


============================== 17:40:16.720411 | d4bcc7d8-ca7d-4eef-a8d3-92a132afeb20 ==============================
[0m17:40:16.720411 [info ] [MainThread]: Running with dbt=1.11.2
[0m17:40:16.721440 [debug] [MainThread]: running dbt with arguments {'version_check': 'True', 'no_print': 'None', 'static_parser': 'True', 'target_path': 'None', 'warn_error_options': 'WarnErrorOptionsV2(error=[], warn=[], silence=[])', 'printer_width': '80', 'write_json': 'True', 'introspect': 'True', 'log_cache_events': 'False', 'empty': 'None', 'cache_selected_only': 'False', 'fail_fast': 'False', 'debug': 'False', 'log_format': 'default', 'partial_parse': 'True', 'send_anonymous_usage_stats': 'True', 'quiet': 'False', 'warn_error': 'None', 'profiles_dir': 'C:\\Users\\penni\\.dbt', 'indirect_selection': 'eager', 'invocation_command': 'dbt init northwind_dwh', 'use_colors': 'True', 'use_experimental_parser': 'False', 'log_path': 'logs'}
[0m17:40:16.738952 [debug] [MainThread]: Starter project path: C:\Users\penni\Documents\Analytics_Engineering_Project\venv\Lib\site-packages\dbt\include\starter_project
[0m17:40:16.784649 [info ] [MainThread]: 
Your new dbt project "northwind_dwh" was created!

For more information on how to configure the profiles.yml file,
please consult the dbt documentation here:

  https://docs.getdbt.com/docs/configure-your-profile

One more thing:

Need help? Don't hesitate to reach out to us via GitHub issues or on Slack:

  https://community.getdbt.com/

Happy modeling!

[0m17:40:16.785645 [info ] [MainThread]: Setting up your profile.
[0m17:45:19.281300 [info ] [MainThread]: Profile northwind_dwh written to C:\Users\penni\.dbt\profiles.yml using target's profile_template.yml and your supplied values. Run 'dbt debug' to validate the connection.
[0m17:45:19.285309 [debug] [MainThread]: Command `dbt init` succeeded at 17:45:19.285309 after 302.70 seconds
[0m17:45:19.286302 [debug] [MainThread]: Sending event: {'category': 'dbt', 'action': 'invocation', 'label': 'end', 'context': [<snowplow_tracker.self_describing_json.SelfDescribingJson object at 0x00000190FA2A8BC0>, <snowplow_tracker.self_describing_json.SelfDescribingJson object at 0x000001909D211280>, <snowplow_tracker.self_describing_json.SelfDescribingJson object at 0x00000190A1559CA0>]}
[0m17:45:19.286302 [debug] [MainThread]: Flushing usage events
[0m17:45:20.386248 [debug] [MainThread]: An error was encountered while trying to flush usage events
[0m18:34:06.728236 [debug] [MainThread]: Sending event: {'category': 'dbt', 'action': 'invocation', 'label': 'start', 'context': [<snowplow_tracker.self_describing_json.SelfDescribingJson object at 0x000001AD7B2AC080>, <snowplow_tracker.self_describing_json.SelfDescribingJson object at 0x000001AD7B2AFCE0>, <snowplow_tracker.self_describing_json.SelfDescribingJson object at 0x000001AD7B2AF920>]}


============================== 18:34:06.732233 | eed45a81-94f7-403e-ba3b-28682d95a001 ==============================
[0m18:34:06.732233 [info ] [MainThread]: Running with dbt=1.11.2
[0m18:34:06.733228 [debug] [MainThread]: running dbt with arguments {'version_check': 'True', 'no_print': 'None', 'static_parser': 'True', 'warn_error_options': 'WarnErrorOptionsV2(error=[], warn=[], silence=[])', 'target_path': 'None', 'printer_width': '80', 'write_json': 'True', 'empty': 'None', 'log_cache_events': 'False', 'introspect': 'True', 'cache_selected_only': 'False', 'fail_fast': 'False', 'debug': 'False', 'log_format': 'default', 'profiles_dir': 'C:\\Users\\penni\\.dbt', 'send_anonymous_usage_stats': 'True', 'quiet': 'False', 'warn_error': 'None', 'partial_parse': 'True', 'invocation_command': 'dbt init northwind_dwh', 'use_colors': 'True', 'indirect_selection': 'eager', 'use_experimental_parser': 'False', 'log_path': 'logs'}
[0m18:34:06.760647 [debug] [MainThread]: Starter project path: C:\Users\penni\Documents\Analytics_Engineering_Project\venv\Lib\site-packages\dbt\include\starter_project
[0m18:34:06.782599 [info ] [MainThread]: 
Your new dbt project "northwind_dwh" was created!

For more information on how to configure the profiles.yml file,
please consult the dbt documentation here:

  https://docs.getdbt.com/docs/configure-your-profile

One more thing:

Need help? Don't hesitate to reach out to us via GitHub issues or on Slack:

  https://community.getdbt.com/

Happy modeling!

[0m18:34:06.783600 [info ] [MainThread]: Setting up your profile.
[0m18:35:31.243472 [info ] [MainThread]: Profile northwind_dwh written to C:\Users\penni\.dbt\profiles.yml using target's profile_template.yml and your supplied values. Run 'dbt debug' to validate the connection.
[0m18:35:31.244473 [debug] [MainThread]: Command `dbt init` succeeded at 18:35:31.244473 after 84.66 seconds
[0m18:35:31.247656 [debug] [MainThread]: Sending event: {'category': 'dbt', 'action': 'invocation', 'label': 'end', 'context': [<snowplow_tracker.self_describing_json.SelfDescribingJson object at 0x000001AD7AF674D0>, <snowplow_tracker.self_describing_json.SelfDescribingJson object at 0x000001AD21F2EF00>, <snowplow_tracker.self_describing_json.SelfDescribingJson object at 0x000001AD22219D90>]}
[0m18:35:31.248661 [debug] [MainThread]: Flushing usage events
[0m18:35:32.554727 [debug] [MainThread]: An error was encountered while trying to flush usage events
[0m18:35:43.941199 [debug] [MainThread]: Sending event: {'category': 'dbt', 'action': 'invocation', 'label': 'start', 'context': [<snowplow_tracker.self_describing_json.SelfDescribingJson object at 0x000002C1042F0080>, <snowplow_tracker.self_describing_json.SelfDescribingJson object at 0x000002C1042F0920>, <snowplow_tracker.self_describing_json.SelfDescribingJson object at 0x000002C1042F0A10>]}


============================== 18:35:43.946896 | e12a77e7-1c81-4b79-937f-115f47d26b6c ==============================
[0m18:35:43.946896 [info ] [MainThread]: Running with dbt=1.11.2
[0m18:35:43.946896 [debug] [MainThread]: running dbt with arguments {'static_parser': 'True', 'no_print': 'None', 'version_check': 'True', 'warn_error_options': 'WarnErrorOptionsV2(error=[], warn=[], silence=[])', 'target_path': 'None', 'printer_width': '80', 'write_json': 'True', 'empty': 'None', 'log_cache_events': 'False', 'introspect': 'True', 'cache_selected_only': 'False', 'fail_fast': 'False', 'debug': 'False', 'log_format': 'default', 'profiles_dir': 'C:\\Users\\penni\\.dbt', 'send_anonymous_usage_stats': 'True', 'quiet': 'False', 'warn_error': 'None', 'partial_parse': 'True', 'invocation_command': 'dbt debug', 'use_colors': 'True', 'indirect_selection': 'eager', 'use_experimental_parser': 'False', 'log_path': 'logs'}
[0m18:35:43.977173 [info ] [MainThread]: dbt version: 1.11.2
[0m18:35:43.977173 [info ] [MainThread]: python version: 3.12.9
[0m18:35:43.978179 [info ] [MainThread]: python path: C:\Users\penni\Documents\Analytics_Engineering_Project\venv\Scripts\python.exe
[0m18:35:43.978179 [info ] [MainThread]: os info: Windows-11-10.0.26100-SP0
[0m18:35:44.902022 [debug] [MainThread]: Snowflake adapter: Setting snowflake.connector to ERROR (file logging only)
[0m18:35:44.902022 [debug] [MainThread]: Snowflake adapter: Setting botocore to ERROR (file logging only)
[0m18:35:44.903136 [debug] [MainThread]: Snowflake adapter: Setting boto3 to ERROR (file logging only)
[0m18:35:53.106173 [info ] [MainThread]: Using profiles dir at C:\Users\penni\.dbt
[0m18:35:53.107232 [info ] [MainThread]: Using profiles.yml file at C:\Users\penni\.dbt\profiles.yml
[0m18:35:53.107232 [info ] [MainThread]: Using dbt_project.yml file at C:\Users\penni\Documents\Analytics_Engineering_Project\dbt_project.yml
[0m18:35:53.108183 [error] [MainThread]: Encountered an error:
Internal Error
  Profile should not be None if loading profile completed
[0m18:35:53.109182 [debug] [MainThread]: Command `dbt debug` failed at 18:35:53.109182 after 9.32 seconds
[0m18:35:53.109182 [debug] [MainThread]: Sending event: {'category': 'dbt', 'action': 'invocation', 'label': 'end', 'context': [<snowplow_tracker.self_describing_json.SelfDescribingJson object at 0x000002C103F1F230>, <snowplow_tracker.self_describing_json.SelfDescribingJson object at 0x000002C12BDD1D30>, <snowplow_tracker.self_describing_json.SelfDescribingJson object at 0x000002C12B6FA570>]}
[0m18:35:53.110290 [debug] [MainThread]: Flushing usage events
[0m18:35:58.444205 [debug] [MainThread]: An error was encountered while trying to flush usage events
[0m21:54:11.482678 [debug] [MainThread]: Sending event: {'category': 'dbt', 'action': 'invocation', 'label': 'start', 'context': [<snowplow_tracker.self_describing_json.SelfDescribingJson object at 0x00000244AC1C6C30>, <snowplow_tracker.self_describing_json.SelfDescribingJson object at 0x00000244AC1C4F20>, <snowplow_tracker.self_describing_json.SelfDescribingJson object at 0x00000244AC1C4EC0>]}


============================== 21:54:11.493300 | 7a543920-6ee4-4785-8e09-78b0fb109605 ==============================
[0m21:54:11.493300 [info ] [MainThread]: Running with dbt=1.11.2
[0m21:54:11.493300 [debug] [MainThread]: running dbt with arguments {'static_parser': 'True', 'no_print': 'None', 'version_check': 'True', 'target_path': 'None', 'warn_error_options': 'WarnErrorOptionsV2(error=[], warn=[], silence=[])', 'printer_width': '80', 'write_json': 'True', 'empty': 'False', 'log_cache_events': 'False', 'introspect': 'True', 'cache_selected_only': 'False', 'fail_fast': 'False', 'debug': 'False', 'log_format': 'default', 'partial_parse': 'True', 'send_anonymous_usage_stats': 'True', 'quiet': 'False', 'warn_error': 'None', 'profiles_dir': 'C:\\Users\\penni\\.dbt', 'invocation_command': 'dbt run', 'use_colors': 'True', 'indirect_selection': 'eager', 'use_experimental_parser': 'False', 'log_path': 'logs'}
[0m21:54:11.494282 [error] [MainThread]: Encountered an error:
Runtime Error
  No dbt_project.yml found at expected path C:\Users\penni\Documents\Analytics_Engineering_Project\dbt_project.yml
  Verify that each entry within packages.yml (and their transitive dependencies) contains a file named dbt_project.yml
  
[0m21:54:11.495283 [debug] [MainThread]: Command `dbt run` failed at 21:54:11.495283 after 0.21 seconds
[0m21:54:11.495283 [debug] [MainThread]: Sending event: {'category': 'dbt', 'action': 'invocation', 'label': 'end', 'context': [<snowplow_tracker.self_describing_json.SelfDescribingJson object at 0x00000244AACD8FE0>, <snowplow_tracker.self_describing_json.SelfDescribingJson object at 0x00000244AB5F1130>, <snowplow_tracker.self_describing_json.SelfDescribingJson object at 0x00000244AC1C4EC0>]}
[0m21:54:11.496297 [debug] [MainThread]: Flushing usage events
[0m21:54:12.632802 [debug] [MainThread]: An error was encountered while trying to flush usage events
